SF:lib/src/animations/calendar_animations.dart
DA:8,8
DA:11,8
DA:12,8
DA:14,8
DA:15,8
DA:19,24
DA:42,8
DA:48,16
DA:49,16
DA:50,8
DA:51,8
DA:61,8
DA:64,8
DA:65,8
DA:67,8
DA:68,8
DA:73,24
DA:90,8
DA:96,16
DA:97,8
DA:98,8
DA:99,8
LF:22
LH:22
end_of_record
SF:lib/src/calendar/actions/calendar_action_decoration.dart
DA:20,8
DA:24,8
DA:34,8
DA:41,8
DA:42,8
DA:43,8
DA:44,8
DA:49,8
DA:56,8
DA:68,1
DA:72,1
DA:73,1
DA:74,1
LF:13
LH:13
end_of_record
SF:lib/src/calendar/actions/calendar_actions.dart
DA:9,6
DA:18,6
DA:20,6
DA:22,6
DA:23,6
DA:24,12
DA:25,6
DA:27,6
DA:29,22
LF:9
LH:9
end_of_record
SF:lib/src/calendar/actions/cupertino_calendar_action.dart
DA:9,4
DA:21,9
DA:25,6
DA:26,18
DA:27,3
DA:28,3
DA:29,3
DA:32,2
DA:34,6
DA:35,6
DA:36,6
DA:37,4
DA:50,3
DA:67,3
DA:72,3
LF:15
LH:15
end_of_record
SF:lib/src/calendar/actions/cupertino_calendar_action_widget.dart
DA:11,7
DA:20,7
DA:22,7
DA:28,14
DA:29,3
DA:30,6
DA:31,6
DA:32,3
DA:37,3
DA:38,3
DA:41,3
DA:42,3
DA:45,1
DA:46,1
DA:49,3
DA:50,15
DA:53,7
DA:55,14
DA:57,14
DA:58,7
DA:59,14
DA:60,5
DA:62,7
DA:63,7
DA:64,7
DA:65,7
DA:66,7
DA:67,7
DA:69,7
DA:70,8
DA:71,7
DA:72,7
DA:73,7
LF:33
LH:33
end_of_record
SF:lib/src/calendar/button/cupertino_calendar_picker_button.dart
DA:16,1
DA:179,1
DA:181,1
DA:188,1
DA:190,1
DA:191,3
DA:194,1
DA:196,1
DA:198,4
DA:199,3
DA:203,1
DA:204,1
DA:205,1
DA:207,2
DA:208,1
DA:209,2
DA:210,2
DA:211,2
DA:212,2
DA:213,2
DA:214,2
DA:215,2
DA:216,2
DA:217,2
DA:218,2
DA:219,2
DA:220,2
DA:221,2
DA:222,2
DA:223,2
DA:224,1
DA:225,2
DA:226,2
DA:227,2
DA:228,2
DA:229,2
DA:230,2
DA:231,2
DA:232,2
DA:234,3
DA:238,1
DA:239,3
DA:242,3
DA:243,1
DA:244,1
DA:245,1
DA:249,2
DA:250,1
DA:254,1
DA:258,1
DA:259,2
DA:262,1
DA:264,1
DA:265,1
DA:266,1
DA:270,3
DA:272,2
DA:274,2
DA:279,3
DA:280,1
DA:283,1
DA:285,2
DA:286,2
DA:287,2
DA:288,1
LF:65
LH:65
end_of_record
SF:lib/src/calendar/cupertino_calendar.dart
DA:17,6
DA:43,24
DA:44,3
DA:46,6
DA:48,24
DA:49,3
DA:52,24
DA:53,3
DA:56,6
DA:58,10
DA:62,15
DA:66,10
DA:169,5
DA:170,5
DA:177,5
DA:179,5
DA:180,5
DA:183,1
DA:185,1
DA:186,4
DA:187,1
DA:191,5
DA:192,10
DA:193,5
DA:194,5
DA:195,5
DA:198,1
DA:199,1
DA:200,2
DA:201,2
DA:203,1
DA:204,1
DA:205,1
DA:206,2
DA:208,1
DA:211,1
DA:213,3
DA:214,3
DA:216,2
DA:218,2
DA:220,1
DA:221,1
DA:224,1
DA:225,1
DA:226,1
DA:228,1
DA:233,2
DA:236,4
DA:240,3
DA:241,6
DA:242,3
DA:243,12
DA:247,3
DA:248,3
DA:249,9
DA:252,1
DA:253,1
DA:256,5
DA:258,10
DA:259,5
DA:260,3
DA:262,10
DA:263,4
DA:265,4
DA:269,15
DA:271,5
DA:272,5
DA:278,5
DA:279,5
DA:280,13
DA:281,10
DA:282,10
DA:283,10
DA:284,5
DA:285,10
DA:286,5
DA:287,5
DA:288,5
DA:289,5
DA:290,10
DA:291,10
DA:292,5
DA:293,10
DA:294,5
DA:296,10
DA:298,10
DA:299,5
DA:301,10
DA:303,10
DA:304,5
DA:305,10
DA:306,10
DA:307,10
DA:308,10
DA:309,12
DA:310,10
LF:96
LH:96
end_of_record
SF:lib/src/calendar/date_picker/custom_cupertino_date_picker.dart
DA:53,7
DA:55,21
DA:57,7
DA:58,14
DA:60,2
DA:61,2
DA:68,1
DA:72,1
DA:104,7
DA:119,7
DA:121,28
DA:123,21
DA:125,28
DA:126,35
DA:129,28
DA:131,14
DA:133,28
DA:134,35
DA:135,14
DA:140,14
DA:141,7
DA:142,0
DA:143,0
DA:144,0
DA:147,0
DA:148,0
DA:155,7
DA:156,7
DA:158,28
DA:160,14
DA:162,7
DA:166,4
DA:168,12
DA:169,0
DA:271,7
DA:287,0
DA:289,14
DA:293,28
DA:297,14
DA:298,0
DA:299,0
DA:303,14
DA:304,0
DA:305,0
DA:309,21
DA:310,14
DA:311,12
DA:315,21
DA:316,14
DA:317,2
DA:318,0
DA:322,21
DA:323,14
DA:324,2
DA:325,6
DA:326,0
DA:329,21
DA:330,14
DA:331,2
DA:332,6
DA:333,0
DA:336,42
DA:466,7
DA:469,7
DA:474,14
DA:475,2
DA:476,0
DA:477,2
DA:478,0
DA:479,2
DA:480,4
DA:485,7
DA:492,7
DA:495,7
DA:496,0
DA:498,0
DA:499,0
DA:501,7
DA:502,14
DA:503,7
DA:504,7
DA:506,7
DA:507,14
DA:508,7
DA:509,7
DA:511,4
DA:512,8
DA:513,8
DA:514,2
DA:516,0
DA:517,0
DA:518,0
DA:522,0
DA:524,0
DA:525,0
DA:528,2
DA:529,4
DA:531,2
DA:532,0
DA:533,2
DA:535,2
DA:536,4
DA:540,35
DA:544,7
DA:552,7
DA:559,7
DA:560,14
DA:561,7
DA:562,7
DA:565,7
DA:568,7
DA:598,7
DA:599,14
DA:600,7
DA:601,0
DA:602,7
DA:604,0
DA:605,0
DA:609,0
DA:610,0
DA:619,28
DA:620,21
DA:621,12
DA:622,14
DA:625,7
DA:626,7
DA:627,8
DA:635,4
DA:636,8
DA:637,24
DA:638,0
DA:652,21
DA:653,21
DA:675,4
DA:676,4
DA:677,4
DA:678,4
DA:679,4
DA:685,7
DA:687,7
DA:688,21
DA:694,28
DA:695,14
DA:697,21
DA:698,7
DA:699,21
DA:700,14
DA:701,35
DA:703,14
DA:705,28
DA:708,0
DA:709,0
DA:712,7
DA:714,14
DA:715,14
DA:716,14
DA:717,14
DA:719,14
DA:720,14
DA:721,7
DA:724,1
DA:726,1
DA:729,5
DA:730,0
DA:733,3
DA:736,0
DA:737,0
DA:738,0
DA:742,7
DA:744,7
DA:746,7
DA:747,21
DA:748,21
DA:750,7
DA:751,14
DA:752,7
DA:753,14
DA:755,14
DA:759,7
DA:760,21
DA:761,7
DA:763,7
DA:764,7
DA:765,14
DA:768,21
DA:772,4
DA:773,4
DA:774,8
DA:775,8
DA:776,16
DA:777,4
DA:778,4
DA:783,4
DA:784,4
DA:787,12
DA:788,12
DA:794,12
DA:798,0
DA:803,0
DA:804,0
DA:805,0
DA:806,0
DA:807,0
DA:808,0
DA:809,0
DA:814,0
DA:815,0
DA:816,0
DA:817,0
DA:819,0
DA:822,0
DA:824,0
DA:825,0
DA:826,0
DA:827,0
DA:828,0
DA:829,0
DA:833,0
DA:834,0
DA:835,0
DA:836,0
DA:839,0
DA:841,0
DA:844,0
DA:849,0
DA:850,0
DA:851,0
DA:853,0
DA:855,0
DA:867,7
DA:868,7
DA:869,14
DA:870,14
DA:871,28
DA:872,7
DA:876,7
DA:878,21
DA:879,21
DA:882,7
DA:887,7
DA:888,2
DA:889,2
DA:890,2
DA:891,2
DA:892,2
DA:893,2
DA:898,7
DA:899,7
DA:900,7
DA:901,7
DA:903,14
DA:906,14
DA:908,2
DA:909,6
DA:910,2
DA:913,4
DA:914,6
DA:917,4
DA:923,0
DA:924,0
DA:929,2
DA:932,6
DA:936,14
DA:937,7
DA:939,26
DA:941,7
DA:942,7
DA:943,7
DA:944,14
DA:946,14
DA:947,7
DA:948,7
DA:949,14
DA:959,7
DA:964,7
DA:965,2
DA:966,2
DA:967,2
DA:968,2
DA:969,2
DA:970,2
DA:975,7
DA:976,7
DA:977,7
DA:978,7
DA:980,14
DA:983,14
DA:985,7
DA:989,35
DA:990,21
DA:992,7
DA:993,14
DA:994,14
DA:995,28
DA:996,7
DA:1001,21
DA:1002,21
DA:1004,7
DA:1005,7
DA:1006,7
DA:1007,14
DA:1009,14
DA:1010,14
DA:1019,4
DA:1024,4
DA:1025,0
DA:1026,0
DA:1027,0
DA:1028,0
DA:1029,0
DA:1030,0
DA:1035,4
DA:1036,4
DA:1037,4
DA:1038,4
DA:1040,8
DA:1043,8
DA:1045,0
DA:1046,0
DA:1047,0
DA:1048,0
DA:1051,8
DA:1052,4
DA:1053,4
DA:1054,4
DA:1055,4
DA:1056,8
DA:1057,8
DA:1058,4
DA:1059,4
DA:1060,8
DA:1071,4
DA:1073,8
DA:1075,4
DA:1081,4
DA:1083,12
DA:1084,12
DA:1089,0
DA:1090,0
DA:1094,1
DA:1095,2
DA:1096,1
DA:1097,3
DA:1098,3
DA:1099,3
DA:1100,0
DA:1101,0
DA:1102,0
DA:1106,3
DA:1108,0
DA:1111,0
DA:1112,0
DA:1113,0
DA:1117,0
DA:1118,0
DA:1120,0
DA:1122,0
DA:1123,0
DA:1124,0
DA:1129,3
DA:1130,0
DA:1132,0
DA:1133,0
DA:1140,7
DA:1143,7
DA:1144,7
DA:1145,7
DA:1150,14
DA:1151,0
DA:1152,21
DA:1155,14
DA:1156,8
DA:1157,4
DA:1158,0
DA:1159,8
DA:1161,8
DA:1162,0
DA:1163,0
DA:1164,0
DA:1165,0
DA:1167,0
DA:1173,21
DA:1174,0
DA:1175,0
DA:1176,0
DA:1177,0
DA:1178,0
DA:1179,0
DA:1180,0
DA:1181,0
DA:1182,0
DA:1184,0
DA:1189,7
DA:1190,7
DA:1192,28
DA:1193,14
DA:1194,28
DA:1198,14
DA:1199,0
DA:1202,0
DA:1213,21
DA:1214,21
DA:1215,14
DA:1220,7
DA:1222,21
DA:1223,0
DA:1226,21
DA:1228,7
DA:1229,7
DA:1231,14
DA:1233,7
DA:1240,7
DA:1242,7
DA:1243,14
DA:1255,7
DA:1257,7
DA:1258,7
DA:1260,7
DA:1261,7
DA:1263,7
DA:1275,0
DA:1305,0
DA:1306,0
DA:1311,0
DA:1313,0
DA:1314,0
DA:1315,0
DA:1316,0
DA:1318,0
DA:1319,0
DA:1320,0
DA:1321,0
DA:1323,0
DA:1326,0
DA:1327,0
DA:1330,0
DA:1332,0
DA:1333,0
DA:1334,0
DA:1336,0
DA:1337,0
DA:1338,0
DA:1341,0
DA:1343,0
DA:1345,0
DA:1346,0
DA:1347,0
DA:1349,0
DA:1350,0
DA:1351,0
DA:1352,0
DA:1354,0
DA:1357,0
DA:1358,0
DA:1359,0
DA:1361,0
DA:1362,0
DA:1363,0
DA:1365,0
DA:1366,0
DA:1368,0
DA:1369,0
DA:1370,0
DA:1372,0
DA:1373,0
DA:1375,0
DA:1376,0
DA:1377,0
DA:1383,0
DA:1385,0
DA:1391,0
DA:1392,0
DA:1393,0
DA:1394,0
DA:1395,0
DA:1396,0
DA:1397,0
DA:1398,0
DA:1403,0
DA:1404,0
DA:1405,0
DA:1406,0
DA:1408,0
DA:1411,0
DA:1413,0
DA:1414,0
DA:1415,0
DA:1416,0
DA:1417,0
DA:1423,0
DA:1424,0
DA:1425,0
DA:1426,0
DA:1428,0
DA:1429,0
DA:1430,0
DA:1431,0
DA:1432,0
DA:1433,0
DA:1434,0
DA:1435,0
DA:1436,0
DA:1437,0
DA:1438,0
DA:1439,0
DA:1448,0
DA:1453,0
DA:1454,0
DA:1455,0
DA:1456,0
DA:1457,0
DA:1458,0
DA:1459,0
DA:1464,0
DA:1465,0
DA:1466,0
DA:1467,0
DA:1469,0
DA:1472,0
DA:1474,0
DA:1475,0
DA:1476,0
DA:1477,0
DA:1478,0
DA:1484,0
DA:1485,0
DA:1487,0
DA:1488,0
DA:1489,0
DA:1490,0
DA:1492,0
DA:1493,0
DA:1494,0
DA:1496,0
DA:1497,0
DA:1498,0
DA:1500,0
DA:1509,0
DA:1514,0
DA:1515,0
DA:1516,0
DA:1517,0
DA:1518,0
DA:1519,0
DA:1520,0
DA:1525,0
DA:1526,0
DA:1527,0
DA:1528,0
DA:1529,0
DA:1533,0
DA:1534,0
DA:1535,0
DA:1536,0
DA:1537,0
DA:1538,0
DA:1542,0
DA:1543,0
DA:1547,0
DA:1551,0
DA:1552,0
DA:1553,0
DA:1554,0
DA:1556,0
DA:1558,0
DA:1559,0
DA:1560,0
DA:1570,0
DA:1573,0
DA:1575,0
DA:1577,0
DA:1579,0
DA:1581,0
DA:1585,0
DA:1588,0
DA:1590,0
DA:1597,0
DA:1599,0
DA:1601,0
DA:1602,0
DA:1607,0
DA:1608,0
DA:1614,0
DA:1615,0
DA:1616,0
DA:1620,0
DA:1621,0
DA:1622,0
DA:1623,0
DA:1624,0
DA:1627,0
DA:1628,0
DA:1631,0
DA:1632,0
DA:1639,0
DA:1641,0
DA:1642,0
DA:1645,0
DA:1648,0
DA:1649,0
DA:1650,0
DA:1651,0
DA:1652,0
DA:1654,0
DA:1655,0
DA:1656,0
DA:1657,0
DA:1659,0
DA:1660,0
DA:1661,0
DA:1662,0
DA:1663,0
DA:1665,0
DA:1666,0
DA:1667,0
DA:1668,0
DA:1670,0
DA:1671,0
DA:1672,0
DA:1673,0
DA:1674,0
DA:1676,0
DA:1677,0
DA:1678,0
DA:1679,0
DA:1681,0
DA:1682,0
DA:1683,0
DA:1684,0
DA:1685,0
DA:1687,0
DA:1688,0
DA:1689,0
DA:1690,0
DA:1694,0
DA:1695,0
DA:1697,0
DA:1698,0
DA:1699,0
DA:1700,0
DA:1703,0
DA:1709,0
DA:1710,0
DA:1713,0
DA:1723,0
DA:1725,0
DA:1726,0
DA:1728,0
DA:1730,0
DA:1731,0
DA:1733,0
DA:1734,0
DA:1735,0
DA:1736,0
DA:1737,0
DA:1739,0
DA:1753,0
DA:1755,0
DA:1756,0
DA:1758,0
DA:1759,0
DA:1761,0
DA:1773,2
DA:1800,6
DA:1805,2
DA:1807,2
DA:1808,8
DA:1809,8
DA:1811,2
DA:1812,6
DA:1813,6
DA:1815,8
DA:1818,0
DA:1819,0
DA:1822,2
DA:1824,4
DA:1825,4
DA:1827,4
DA:1828,4
DA:1829,2
DA:1832,2
DA:1834,2
DA:1836,2
DA:1837,6
DA:1838,6
DA:1840,2
DA:1841,4
DA:1842,2
DA:1843,4
DA:1845,2
DA:1848,2
DA:1849,6
DA:1850,2
DA:1852,2
DA:1853,2
DA:1855,6
DA:1857,6
DA:1858,2
DA:1860,2
DA:1861,2
DA:1866,2
DA:1871,2
DA:1872,2
DA:1873,2
DA:1874,2
DA:1875,2
DA:1876,2
DA:1877,2
DA:1882,2
DA:1883,2
DA:1884,2
DA:1885,2
DA:1890,4
DA:1892,2
DA:1893,4
DA:1894,2
DA:1895,12
DA:1900,4
DA:1901,2
DA:1903,10
DA:1904,4
DA:1905,10
DA:1906,4
DA:1908,6
DA:1909,4
DA:1910,0
DA:1912,2
DA:1913,2
DA:1914,2
DA:1916,4
DA:1925,2
DA:1930,2
DA:1931,0
DA:1932,0
DA:1933,0
DA:1934,0
DA:1935,0
DA:1936,0
DA:1941,2
DA:1942,2
DA:1943,2
DA:1944,2
DA:1949,4
DA:1950,0
DA:1951,0
DA:1952,0
DA:1953,0
DA:1956,2
DA:1957,6
DA:1961,4
DA:1965,4
DA:1966,8
DA:1967,4
DA:1968,8
DA:1970,2
DA:1972,2
DA:1973,4
DA:1974,2
DA:1984,2
DA:1986,6
DA:1988,14
DA:1990,6
DA:1992,6
DA:1998,2
DA:2001,4
DA:2003,2
DA:2009,6
DA:2011,14
DA:2013,6
DA:2014,6
DA:2019,4
DA:2020,1
DA:2025,1
DA:2026,2
DA:2027,1
DA:2028,3
DA:2029,0
DA:2032,3
DA:2033,4
DA:2040,2
DA:2042,2
DA:2043,2
DA:2046,6
DA:2049,2
DA:2050,0
DA:2051,6
DA:2052,2
DA:2053,6
DA:2054,6
DA:2056,0
DA:2057,0
DA:2058,0
DA:2059,0
DA:2060,0
DA:2061,0
DA:2065,2
DA:2066,2
DA:2068,8
DA:2069,4
DA:2070,8
DA:2072,6
DA:2074,6
DA:2078,4
DA:2079,0
DA:2082,0
DA:2092,2
DA:2093,2
DA:2095,4
DA:2097,2
DA:2098,2
DA:2099,4
DA:2100,2
DA:2101,2
DA:2102,2
DA:2103,4
DA:2114,2
DA:2115,6
DA:2126,2
DA:2128,2
DA:2129,2
DA:2131,2
DA:2132,2
DA:2134,2
DA:2223,0
DA:2234,0
DA:2235,0
DA:2236,0
DA:2237,0
DA:2238,0
DA:2239,0
DA:2241,0
DA:2317,0
DA:2318,0
DA:2324,0
DA:2325,0
DA:2326,0
DA:2327,0
DA:2359,0
DA:2361,0
DA:2363,0
DA:2365,0
DA:2366,0
DA:2369,0
DA:2370,0
DA:2373,0
DA:2376,0
DA:2377,0
DA:2379,0
DA:2380,0
DA:2384,0
DA:2386,0
DA:2387,0
DA:2388,0
DA:2390,0
DA:2391,0
DA:2392,0
DA:2393,0
DA:2396,0
DA:2398,0
DA:2401,0
DA:2406,0
DA:2408,0
DA:2410,0
DA:2411,0
DA:2413,0
DA:2416,0
DA:2417,0
DA:2419,0
DA:2431,0
DA:2432,0
DA:2436,0
DA:2438,0
DA:2439,0
DA:2444,0
DA:2445,0
DA:2449,0
DA:2450,0
DA:2451,0
DA:2452,0
DA:2453,0
DA:2455,0
DA:2456,0
DA:2460,0
DA:2461,0
DA:2462,0
DA:2467,0
DA:2468,0
DA:2469,0
DA:2476,0
DA:2478,0
DA:2479,0
DA:2484,0
DA:2485,0
DA:2486,0
DA:2487,0
DA:2488,0
DA:2499,0
DA:2500,0
DA:2501,0
DA:2504,0
DA:2505,0
DA:2506,0
DA:2507,0
DA:2508,0
DA:2509,0
DA:2510,0
DA:2511,0
DA:2512,0
DA:2514,0
DA:2532,0
DA:2533,0
DA:2534,0
DA:2535,0
DA:2536,0
DA:2537,0
DA:2538,0
DA:2539,0
DA:2540,0
DA:2541,0
DA:2542,0
DA:2543,0
DA:2556,0
DA:2560,0
DA:2561,0
DA:2563,0
DA:2564,0
DA:2565,0
DA:2566,0
DA:2568,0
DA:2569,0
DA:2570,0
DA:2572,0
DA:2573,0
DA:2574,0
DA:2575,0
DA:2576,0
DA:2577,0
DA:2578,0
DA:2579,0
DA:2585,0
DA:2586,0
DA:2587,0
DA:2588,0
DA:2589,0
DA:2591,0
DA:2594,0
DA:2595,0
DA:2604,0
DA:2608,0
DA:2609,0
DA:2610,0
DA:2613,0
DA:2614,0
DA:2615,0
DA:2616,0
DA:2617,0
DA:2618,0
DA:2622,0
DA:2624,0
DA:2625,0
DA:2626,0
DA:2634,0
DA:2638,0
DA:2639,0
DA:2641,0
DA:2642,0
DA:2643,0
DA:2644,0
DA:2646,0
DA:2647,0
DA:2648,0
DA:2650,0
DA:2651,0
DA:2654,0
DA:2655,0
DA:2656,0
DA:2657,0
DA:2658,0
DA:2659,0
DA:2660,0
DA:2661,0
DA:2668,0
DA:2669,0
DA:2671,0
DA:2672,0
DA:2673,0
DA:2674,0
DA:2676,0
DA:2679,0
DA:2680,0
DA:2689,0
DA:2693,0
DA:2694,0
DA:2695,0
DA:2698,0
DA:2699,0
DA:2700,0
DA:2701,0
DA:2702,0
DA:2703,0
DA:2707,0
DA:2709,0
DA:2710,0
DA:2711,0
DA:2720,0
DA:2724,0
DA:2725,0
DA:2727,0
DA:2728,0
DA:2729,0
DA:2730,0
DA:2732,0
DA:2733,0
DA:2734,0
DA:2736,0
DA:2737,0
DA:2740,0
DA:2741,0
DA:2742,0
DA:2743,0
DA:2744,0
DA:2745,0
DA:2746,0
DA:2747,0
DA:2754,0
DA:2755,0
DA:2757,0
DA:2758,0
DA:2759,0
DA:2760,0
DA:2762,0
DA:2765,0
DA:2766,0
DA:2775,0
DA:2779,0
DA:2780,0
DA:2781,0
DA:2784,0
DA:2785,0
DA:2786,0
DA:2787,0
DA:2788,0
DA:2789,0
DA:2793,0
DA:2795,0
DA:2796,0
DA:2797,0
DA:2808,0
DA:2810,0
DA:2811,0
DA:2812,0
DA:2813,0
DA:2819,0
DA:2820,0
DA:2824,0
DA:2827,0
DA:2828,0
DA:2829,0
DA:2832,0
DA:2834,0
DA:2835,0
DA:2841,0
DA:2843,0
DA:2844,0
DA:2845,0
DA:2848,0
DA:2849,0
DA:2852,0
DA:2853,0
DA:2854,0
DA:2855,0
DA:2859,0
DA:2861,0
DA:2863,0
DA:2864,0
DA:2867,0
DA:2868,0
DA:2869,0
DA:2871,0
DA:2875,0
DA:2876,0
DA:2878,0
DA:2885,0
DA:2886,0
DA:2891,0
DA:2898,0
DA:2899,0
DA:2900,0
DA:2902,0
DA:2903,0
DA:2908,0
DA:2909,0
DA:2910,0
DA:2911,0
DA:2918,0
DA:2920,0
DA:2921,0
DA:2922,0
DA:2924,0
DA:2928,0
DA:2929,0
DA:2931,0
DA:2938,0
DA:2939,0
DA:2944,0
DA:2951,0
DA:2952,0
DA:2953,0
DA:2955,0
DA:2956,0
DA:2961,0
DA:2962,0
DA:2963,0
DA:2964,0
DA:2971,0
DA:2972,0
DA:2973,0
DA:2974,0
DA:2977,0
DA:2978,0
DA:2979,0
DA:2980,0
DA:2987,0
DA:2988,0
DA:2993,0
DA:2998,0
DA:3005,0
DA:3006,0
DA:3007,0
DA:3009,0
DA:3013,0
DA:3014,0
DA:3020,0
DA:3021,0
DA:3022,0
DA:3030,0
DA:3031,0
DA:3033,0
DA:3034,0
DA:3035,0
DA:3037,0
DA:3038,0
DA:3043,0
DA:3045,0
DA:3048,0
DA:3051,0
DA:3052,0
DA:3053,0
DA:3054,0
DA:3056,0
DA:3059,0
LF:1151
LH:438
end_of_record
SF:lib/src/calendar/footer/calendar_footer.dart
DA:10,5
DA:31,5
DA:32,5
DA:39,5
DA:41,5
DA:42,15
DA:45,4
DA:47,4
DA:49,16
DA:50,6
DA:54,3
DA:55,6
DA:56,6
DA:57,12
DA:61,2
DA:63,4
DA:65,10
DA:66,4
DA:68,4
DA:70,8
DA:75,5
DA:77,5
DA:79,10
DA:81,9
DA:83,5
DA:84,5
DA:87,5
DA:88,5
DA:89,11
DA:91,1
DA:92,1
DA:93,2
DA:95,3
DA:99,5
DA:100,5
DA:101,5
DA:102,5
DA:104,5
DA:106,5
DA:108,5
DA:109,5
DA:113,5
DA:115,20
DA:116,5
DA:117,6
DA:118,20
DA:120,5
DA:122,2
DA:123,5
DA:125,10
DA:131,2
DA:133,2
DA:134,2
DA:135,2
DA:137,6
DA:138,4
DA:140,2
DA:142,2
DA:145,2
DA:146,2
DA:147,2
DA:149,8
DA:160,5
LF:63
LH:63
end_of_record
SF:lib/src/calendar/footer/calendar_footer_decoration.dart
DA:27,8
DA:32,8
DA:39,8
DA:49,7
DA:61,7
DA:62,7
DA:63,7
DA:64,7
DA:68,7
DA:69,7
DA:70,7
DA:74,7
DA:75,7
DA:76,7
DA:93,1
DA:98,1
DA:99,1
DA:100,1
DA:101,1
LF:19
LH:19
end_of_record
SF:lib/src/calendar/header/calendar_header.dart
DA:12,7
DA:27,7
DA:28,7
DA:34,21
DA:35,21
DA:36,21
DA:38,3
DA:39,6
DA:40,6
DA:41,12
DA:45,7
DA:47,14
DA:48,21
DA:52,7
DA:53,7
DA:55,7
DA:57,7
DA:58,7
DA:59,7
DA:60,7
DA:62,7
DA:63,9
DA:64,6
DA:66,14
DA:67,7
DA:69,14
DA:70,7
DA:73,7
DA:74,7
DA:75,7
DA:76,7
DA:77,7
DA:79,14
DA:80,7
DA:88,7
DA:90,7
DA:92,7
DA:93,7
DA:95,14
DA:96,7
DA:99,7
DA:101,7
DA:102,4
DA:103,14
DA:104,7
DA:108,14
DA:109,7
DA:111,14
DA:112,7
DA:115,7
DA:117,7
DA:118,4
DA:119,14
DA:120,7
DA:126,7
DA:130,7
DA:136,7
DA:137,7
LF:58
LH:58
end_of_record
SF:lib/src/calendar/header/calendar_header_decoration.dart
DA:27,8
DA:36,8
DA:48,8
DA:63,7
DA:74,7
DA:76,7
DA:77,7
DA:78,7
DA:82,7
DA:86,7
DA:90,7
DA:94,7
DA:98,7
DA:125,1
DA:133,1
DA:134,1
DA:135,1
DA:136,1
DA:137,1
DA:139,1
DA:141,1
LF:21
LH:21
end_of_record
SF:lib/src/calendar/month_picker/calendar_month_picker.dart
DA:14,7
DA:28,7
DA:29,7
DA:30,7
DA:31,7
DA:32,7
DA:75,7
DA:76,7
DA:80,7
DA:81,7
DA:82,14
DA:85,7
DA:86,7
DA:87,7
DA:88,7
DA:89,7
DA:92,7
DA:96,7
DA:97,7
DA:98,7
DA:101,14
DA:102,4
DA:107,7
DA:112,7
DA:113,14
DA:116,7
DA:117,7
DA:118,7
DA:119,7
DA:121,7
DA:122,7
DA:123,7
DA:124,7
DA:129,7
DA:130,21
DA:131,7
DA:132,14
DA:135,21
DA:136,21
DA:137,23
DA:139,14
DA:142,2
DA:143,1
DA:145,4
DA:146,1
DA:148,2
DA:152,4
DA:153,1
DA:155,2
DA:159,5
DA:160,1
DA:162,2
DA:165,7
DA:166,1
DA:169,7
DA:171,14
DA:180,7
DA:190,7
DA:200,2
DA:208,7
DA:209,7
DA:216,7
DA:219,7
DA:220,14
DA:221,14
DA:222,7
DA:225,7
DA:226,7
DA:227,14
DA:228,7
DA:229,7
DA:230,7
DA:231,7
DA:232,7
DA:235,7
DA:240,7
DA:245,7
DA:246,7
DA:247,7
DA:253,14
LF:80
LH:80
end_of_record
SF:lib/src/calendar/month_picker/calendar_month_picker_decoration.dart
DA:12,8
DA:19,8
DA:28,8
DA:42,8
DA:51,8
DA:53,8
DA:55,8
DA:60,8
DA:64,8
DA:69,8
DA:97,1
DA:104,1
DA:105,1
DA:106,1
DA:107,1
DA:109,1
DA:110,1
LF:17
LH:17
end_of_record
SF:lib/src/calendar/month_picker/day/calendar_month_picker_day.dart
DA:11,8
DA:24,8
DA:26,8
DA:28,8
DA:30,32
DA:31,8
DA:32,8
DA:33,24
DA:34,8
DA:35,16
DA:37,8
DA:38,8
DA:40,8
DA:48,8
DA:62,8
DA:64,8
DA:65,16
DA:67,32
DA:68,16
DA:70,8
DA:71,24
DA:73,16
DA:74,16
DA:75,16
DA:77,8
DA:78,8
DA:80,8
DA:81,8
DA:85,8
DA:86,8
DA:88,8
DA:93,5
DA:97,15
DA:98,15
DA:99,15
DA:100,15
DA:101,15
DA:104,8
DA:105,8
DA:108,8
DA:109,16
DA:110,8
DA:112,16
LF:43
LH:43
end_of_record
SF:lib/src/calendar/month_picker/day/calendar_month_picker_day_style.dart
DA:33,27
DA:36,9
DA:37,9
DA:38,9
DA:52,10
DA:63,10
DA:76,10
DA:79,10
DA:84,10
DA:92,9
DA:97,9
DA:98,9
DA:99,9
DA:100,9
DA:108,1
DA:111,1
DA:112,1
DA:121,10
DA:124,10
DA:129,10
DA:137,9
DA:142,9
DA:143,9
DA:144,18
DA:150,1
DA:153,1
DA:154,1
DA:166,10
DA:171,10
DA:173,3
DA:174,3
DA:178,10
DA:189,9
DA:195,9
DA:198,9
DA:199,9
DA:201,9
DA:202,8
DA:209,1
DA:212,1
DA:213,1
DA:225,9
DA:230,9
DA:231,2
DA:236,9
DA:247,9
DA:254,9
DA:255,9
DA:257,9
DA:258,18
DA:260,9
DA:268,1
DA:271,1
DA:272,1
DA:281,9
DA:284,9
DA:289,9
DA:299,9
DA:305,9
DA:306,9
DA:307,9
DA:308,9
DA:316,1
DA:319,1
DA:320,1
LF:65
LH:65
end_of_record
SF:lib/src/calendar/month_picker/delegates/calendar_month_picker_grid_delegate.dart
DA:8,8
DA:12,8
DA:15,16
DA:16,8
DA:18,8
DA:24,16
DA:28,5
LF:7
LH:7
end_of_record
SF:lib/src/calendar/overlay/cupertino_calendar_overlay.dart
DA:9,3
DA:64,3
DA:66,3
DA:73,3
DA:74,3
DA:75,6
DA:76,9
DA:79,3
DA:80,3
DA:81,12
DA:85,1
DA:86,1
DA:88,3
DA:90,2
DA:95,2
DA:96,2
DA:97,6
DA:100,2
DA:101,2
DA:102,5
DA:104,6
DA:105,1
DA:109,3
DA:111,6
DA:112,3
DA:113,2
DA:116,15
DA:118,3
DA:121,3
DA:122,3
DA:123,6
DA:124,6
DA:127,6
DA:128,6
DA:129,6
DA:130,9
DA:131,3
DA:132,6
DA:133,6
DA:134,6
DA:135,6
DA:136,6
DA:137,6
DA:138,6
DA:139,6
DA:140,6
DA:141,3
DA:142,3
DA:143,6
DA:144,6
DA:145,6
DA:146,6
DA:148,6
DA:149,6
DA:150,6
DA:151,6
DA:156,3
DA:158,9
DA:159,3
LF:59
LH:59
end_of_record
SF:lib/src/calendar/picker/cupertino_calendar_picker.dart
DA:10,6
DA:59,6
DA:60,6
DA:71,12
DA:73,2
DA:74,4
DA:75,2
DA:78,1
DA:80,2
DA:81,1
DA:85,6
DA:87,6
DA:88,18
DA:89,6
DA:90,12
DA:91,6
DA:93,12
DA:94,6
DA:95,6
DA:96,18
DA:97,12
DA:100,4
DA:102,4
DA:103,8
DA:104,4
DA:105,8
DA:107,4
DA:108,8
DA:112,16
DA:113,9
DA:118,6
DA:119,12
DA:120,12
DA:121,18
DA:126,6
DA:127,12
DA:128,12
DA:129,18
DA:133,2
DA:134,4
DA:135,4
DA:137,2
DA:139,4
DA:141,8
DA:142,8
DA:147,2
DA:148,2
DA:149,4
DA:156,2
DA:157,2
DA:158,4
DA:165,2
DA:167,6
DA:169,4
DA:171,2
DA:179,2
DA:180,4
DA:181,2
DA:183,1
DA:187,2
DA:188,4
DA:189,2
DA:191,1
DA:195,2
DA:196,6
DA:197,2
DA:198,2
DA:200,6
DA:203,4
DA:204,12
DA:205,4
DA:206,4
DA:207,4
DA:209,16
DA:212,2
DA:213,6
DA:214,2
DA:215,2
DA:217,8
DA:220,1
DA:222,2
DA:223,1
DA:224,2
DA:226,3
DA:228,1
DA:231,1
DA:233,2
DA:234,4
DA:238,1
DA:240,1
DA:241,3
DA:242,3
DA:244,1
DA:245,2
DA:246,3
DA:251,6
DA:253,12
DA:254,5
DA:256,6
DA:257,6
DA:258,6
DA:260,6
DA:261,6
DA:262,6
DA:264,12
DA:266,12
DA:267,6
DA:268,12
DA:270,12
DA:274,6
DA:275,6
DA:277,12
DA:278,12
DA:281,6
DA:282,6
DA:284,6
DA:285,12
DA:286,12
DA:288,6
DA:289,6
DA:290,6
DA:291,12
DA:292,6
DA:293,12
DA:294,12
DA:295,12
DA:296,12
DA:297,6
DA:298,12
DA:299,12
DA:300,12
DA:304,6
DA:311,6
DA:312,6
DA:313,2
DA:314,2
DA:315,6
DA:316,6
DA:318,2
DA:319,6
DA:320,6
DA:323,2
DA:324,2
DA:326,6
DA:327,2
DA:328,2
DA:329,2
DA:331,6
DA:333,6
DA:334,4
DA:335,4
DA:336,4
DA:343,18
DA:344,4
DA:345,4
DA:346,8
DA:347,8
DA:348,8
DA:349,8
DA:350,8
DA:351,4
DA:352,4
DA:353,8
DA:355,8
DA:359,18
DA:360,5
DA:362,5
DA:364,5
DA:372,6
DA:374,12
DA:375,6
LF:171
LH:171
end_of_record
SF:lib/src/calendar/weekdays/calendar_weekday.dart
DA:9,8
DA:18,8
DA:20,8
DA:22,8
DA:23,8
DA:25,16
LF:6
LH:6
end_of_record
SF:lib/src/calendar/weekdays/calendar_weekday_decoration.dart
DA:19,9
DA:22,9
DA:27,9
DA:35,7
DA:40,7
DA:41,7
DA:42,14
DA:51,1
DA:54,1
DA:55,1
LF:10
LH:10
end_of_record
SF:lib/src/calendar/weekdays/calendar_weekdays.dart
DA:10,7
DA:19,7
DA:20,7
DA:21,7
DA:22,7
DA:23,7
DA:26,13
DA:28,7
DA:31,7
DA:34,14
DA:35,14
DA:36,7
DA:37,21
DA:39,2
DA:41,7
DA:42,7
DA:43,7
DA:44,7
DA:50,7
DA:52,7
DA:57,7
DA:58,7
LF:22
LH:22
end_of_record
SF:lib/src/enums/calendar_dismiss_behavior.dart
DA:22,4
DA:23,4
DA:24,4
DA:29,3
DA:30,3
DA:31,3
LF:6
LH:6
end_of_record
SF:lib/src/extensions/build_context_extension.dart
DA:9,7
DA:10,7
DA:13,4
DA:14,4
DA:15,4
DA:18,4
DA:19,4
DA:20,4
DA:23,9
DA:24,9
DA:27,9
DA:28,18
DA:30,18
DA:32,18
DA:37,15
DA:38,15
DA:41,12
DA:42,24
LF:18
LH:18
end_of_record
SF:lib/src/extensions/date_time_extension.dart
DA:6,8
DA:7,40
DA:10,8
DA:11,38
LF:4
LH:4
end_of_record
SF:lib/src/extensions/day_period_extension.dart
DA:9,3
DA:11,9
DA:12,9
LF:3
LH:3
end_of_record
SF:lib/src/extensions/double_extension.dart
DA:9,10
DA:10,20
LF:2
LH:2
end_of_record
SF:lib/src/extensions/time_of_day_extension.dart
DA:10,8
DA:11,24
DA:14,5
DA:15,20
DA:18,1
DA:19,3
DA:21,3
DA:22,3
DA:28,1
DA:29,3
DA:31,3
DA:32,3
DA:38,3
DA:39,9
DA:42,8
DA:46,1
DA:48,24
LF:17
LH:17
end_of_record
SF:lib/src/functions.dart
DA:139,2
DA:170,2
DA:177,2
DA:185,2
DA:190,2
DA:213,2
DA:294,2
DA:310,2
DA:317,2
DA:325,2
DA:330,2
DA:341,1
LF:12
LH:12
end_of_record
SF:lib/src/picker/button/cupertino_picker_button.dart
DA:11,3
DA:28,3
DA:30,3
DA:43,6
DA:44,3
DA:45,3
DA:46,6
DA:47,3
DA:51,3
DA:53,3
DA:54,6
DA:59,6
DA:60,6
DA:61,6
DA:62,3
DA:65,3
DA:66,6
DA:69,3
DA:70,9
DA:72,3
DA:73,3
DA:75,9
DA:76,7
DA:78,3
DA:81,3
DA:82,3
DA:83,3
DA:84,3
DA:88,3
DA:89,3
DA:90,3
DA:91,3
DA:95,1
DA:96,1
DA:97,1
DA:98,1
DA:102,3
DA:103,3
DA:104,3
DA:105,6
DA:110,6
DA:118,3
DA:121,9
DA:123,3
DA:124,6
DA:126,3
DA:127,3
DA:128,3
DA:129,3
DA:130,3
DA:131,3
DA:132,3
DA:135,3
DA:137,3
DA:138,3
DA:139,3
DA:141,6
DA:142,3
DA:143,6
DA:144,8
DA:146,9
DA:153,3
DA:155,6
DA:156,3
LF:64
LH:64
end_of_record
SF:lib/src/picker/button/picker_button_decoration.dart
DA:20,4
DA:24,4
DA:30,4
DA:39,4
DA:45,4
DA:46,4
DA:47,4
DA:48,4
DA:52,4
DA:66,1
DA:70,1
DA:71,1
DA:72,1
LF:13
LH:13
end_of_record
SF:lib/src/picker/container/picker_container_decoration.dart
DA:15,24
DA:16,16
DA:17,8
DA:19,8
DA:28,8
DA:34,3
DA:36,8
DA:37,32
DA:38,8
DA:39,2
DA:43,8
DA:44,3
DA:51,8
DA:62,7
DA:69,7
DA:71,7
DA:72,7
DA:73,7
DA:74,14
DA:80,7
DA:81,7
DA:84,7
DA:101,1
DA:106,1
DA:107,1
DA:108,1
DA:109,1
LF:27
LH:27
end_of_record
SF:lib/src/picker/cupertino_picker_animated_cross_fade.dart
DA:9,6
DA:20,7
DA:22,7
DA:24,7
DA:25,7
DA:26,7
DA:27,7
DA:33,7
DA:34,7
DA:35,7
DA:39,7
LF:11
LH:11
end_of_record
SF:lib/src/picker/cupertino_picker_container.dart
DA:11,7
DA:30,7
DA:32,7
DA:41,7
DA:43,7
DA:44,14
DA:50,14
DA:51,14
DA:52,14
DA:53,14
DA:54,14
DA:55,14
DA:57,28
DA:60,7
DA:61,7
DA:62,7
DA:67,1
DA:69,1
DA:71,4
DA:72,2
DA:73,2
DA:74,2
DA:78,7
DA:80,14
DA:82,7
DA:83,7
DA:84,7
DA:85,7
DA:86,7
DA:87,14
DA:88,14
DA:89,7
DA:90,7
DA:91,7
DA:94,7
DA:95,14
DA:96,14
DA:97,14
DA:101,7
DA:102,14
DA:103,7
DA:104,7
DA:105,7
DA:107,7
DA:108,7
DA:109,7
DA:110,7
DA:114,7
DA:115,7
DA:121,4
DA:122,2
DA:123,2
DA:124,2
DA:125,2
DA:134,7
DA:135,7
DA:136,14
DA:137,14
DA:138,7
DA:139,21
DA:140,7
DA:141,14
DA:142,7
DA:143,14
DA:154,7
DA:156,14
DA:157,7
LF:67
LH:67
end_of_record
SF:lib/src/picker/cupertino_picker_media_query.dart
DA:9,7
DA:13,7
DA:15,7
DA:16,14
DA:17,14
DA:21,7
LF:6
LH:6
end_of_record
SF:lib/src/picker/cupertino_picker_overlay.dart
DA:9,6
DA:34,6
DA:35,6
DA:42,6
DA:43,6
DA:44,12
DA:45,18
DA:48,4
DA:49,4
DA:52,5
DA:53,5
DA:55,15
DA:57,10
DA:62,6
DA:64,12
DA:65,12
DA:67,12
DA:68,12
DA:69,12
DA:70,12
DA:72,6
DA:73,6
DA:74,6
DA:75,6
DA:77,6
DA:79,8
DA:82,6
DA:83,6
DA:84,6
DA:85,6
DA:86,6
DA:87,12
DA:88,6
DA:89,12
DA:92,30
DA:94,18
DA:96,24
DA:97,6
DA:98,6
DA:99,12
DA:100,6
DA:101,6
DA:103,6
DA:105,9
DA:107,8
DA:109,6
DA:110,6
DA:111,6
DA:120,9
DA:122,8
DA:126,4
DA:128,2
DA:136,12
DA:145,1
DA:146,1
DA:148,3
DA:149,6
DA:154,6
DA:156,4
DA:162,24
DA:164,6
DA:165,2
DA:168,6
DA:169,2
DA:170,2
DA:174,2
DA:175,2
DA:176,4
DA:177,4
DA:185,6
DA:187,8
DA:188,6
DA:190,6
DA:191,6
DA:192,6
DA:193,18
DA:198,6
DA:203,6
DA:205,6
DA:208,6
DA:209,12
DA:210,6
DA:213,12
LF:83
LH:83
end_of_record
SF:lib/src/picker/dividers/cupertino_picker_divider.dart
DA:9,3
DA:16,7
DA:18,7
DA:19,7
DA:20,7
DA:21,7
LF:6
LH:6
end_of_record
SF:lib/src/picker/dividers/cupertino_picker_vertical_divider.dart
DA:9,3
DA:11,5
DA:13,5
DA:16,5
LF:4
LH:4
end_of_record
SF:lib/src/time/button/cupertino_time_picker_button.dart
DA:12,1
DA:99,1
DA:101,1
DA:107,1
DA:109,1
DA:110,3
DA:113,1
DA:115,1
DA:117,4
DA:118,3
DA:122,1
DA:123,2
DA:124,1
DA:125,3
DA:129,1
DA:130,1
DA:131,1
DA:133,1
DA:134,2
DA:135,2
DA:136,2
DA:137,2
DA:138,2
DA:139,2
DA:140,2
DA:141,1
DA:142,2
DA:143,2
DA:144,2
DA:146,3
DA:150,1
DA:152,1
DA:153,2
DA:155,2
DA:157,2
DA:158,2
DA:159,2
DA:160,1
LF:38
LH:38
end_of_record
SF:lib/src/time/cupertino_time_picker.dart
DA:9,4
DA:26,4
DA:28,4
DA:29,4
DA:31,4
DA:33,4
DA:34,8
DA:35,8
DA:36,8
DA:37,4
DA:38,4
DA:39,4
LF:12
LH:12
end_of_record
SF:lib/src/time/cupertino_time_picker_wheel.dart
DA:9,7
DA:28,7
DA:30,7
DA:31,7
DA:33,7
DA:34,7
DA:35,7
DA:36,7
DA:37,8
DA:38,7
LF:10
LH:10
end_of_record
SF:lib/src/time/overlay/cupertino_time_overlay.dart
DA:9,3
DA:22,1
DA:26,12
DA:27,3
DA:30,12
DA:31,3
DA:34,12
DA:35,3
DA:51,3
DA:52,3
DA:59,3
DA:60,3
DA:61,6
DA:62,9
DA:65,3
DA:66,3
DA:67,8
DA:71,2
DA:72,4
DA:73,8
DA:76,3
DA:78,3
DA:79,3
DA:80,6
DA:81,6
DA:84,6
DA:85,6
DA:86,6
DA:88,3
DA:89,6
DA:90,6
DA:91,6
DA:92,3
DA:93,6
DA:94,6
DA:99,3
DA:101,9
DA:102,3
LF:38
LH:38
end_of_record
SF:lib/src/utils/package_date_utils.dart
DA:6,6
DA:7,18
DA:10,9
DA:16,27
DA:20,18
DA:24,18
LF:6
LH:6
end_of_record
SF:lib/src/utils/scroll_utils.dart
DA:12,3
DA:14,8
DA:15,8
DA:23,8
DA:32,8
DA:34,8
DA:36,8
DA:38,1
DA:39,1
DA:40,1
DA:42,1
DA:43,3
DA:57,3
DA:61,3
DA:62,2
DA:63,5
DA:64,3
DA:67,3
DA:68,2
DA:69,5
DA:75,3
DA:77,1
DA:82,8
LF:23
LH:23
end_of_record
