TN:
SF:lib/src/animations/calendar_animations.dart
FNF:0
FNH:0
DA:8,8
DA:11,8
DA:12,8
DA:14,8
DA:15,8
DA:19,24
DA:42,8
DA:48,16
DA:49,16
DA:50,8
DA:51,8
DA:61,8
DA:64,8
DA:65,8
DA:67,8
DA:68,8
DA:73,24
DA:90,8
DA:96,16
DA:97,8
DA:98,8
DA:99,8
LF:22
LH:22
end_of_record
TN:
SF:lib/src/calendar/actions/calendar_action_decoration.dart
FNF:0
FNH:0
DA:20,8
DA:24,8
DA:34,8
DA:41,8
DA:42,8
DA:43,8
DA:44,8
DA:49,8
DA:56,8
DA:68,1
DA:72,1
DA:73,1
DA:74,1
LF:13
LH:13
end_of_record
TN:
SF:lib/src/calendar/actions/calendar_actions.dart
FNF:0
FNH:0
DA:9,6
DA:18,6
DA:20,6
DA:22,6
DA:23,6
DA:24,12
DA:25,6
DA:27,6
DA:29,22
LF:9
LH:9
end_of_record
TN:
SF:lib/src/calendar/actions/cupertino_calendar_action.dart
FNF:0
FNH:0
DA:9,4
DA:21,9
DA:25,6
DA:26,18
DA:27,3
DA:28,3
DA:29,3
DA:32,2
DA:34,6
DA:35,6
DA:36,6
DA:37,4
DA:50,3
DA:67,3
DA:72,3
LF:15
LH:15
end_of_record
TN:
SF:lib/src/calendar/actions/cupertino_calendar_action_widget.dart
FNF:0
FNH:0
DA:11,7
DA:20,7
DA:22,7
DA:28,14
DA:29,3
DA:30,6
DA:31,6
DA:32,3
DA:37,3
DA:38,3
DA:41,3
DA:42,3
DA:45,1
DA:46,1
DA:49,3
DA:50,15
DA:53,7
DA:55,14
DA:57,14
DA:58,7
DA:59,14
DA:60,5
DA:62,7
DA:63,7
DA:64,7
DA:65,7
DA:66,7
DA:67,7
DA:69,7
DA:70,8
DA:71,7
DA:72,7
DA:73,7
LF:33
LH:33
end_of_record
TN:
SF:lib/src/calendar/button/cupertino_calendar_picker_button.dart
FNF:0
FNH:0
DA:16,1
DA:179,1
DA:181,1
DA:188,1
DA:190,1
DA:191,3
DA:194,1
DA:196,1
DA:198,4
DA:199,3
DA:203,1
DA:204,1
DA:205,1
DA:207,2
DA:208,1
DA:209,2
DA:210,2
DA:211,2
DA:212,2
DA:213,2
DA:214,2
DA:215,2
DA:216,2
DA:217,2
DA:218,2
DA:219,2
DA:220,2
DA:221,2
DA:222,2
DA:223,2
DA:224,1
DA:225,2
DA:226,2
DA:227,2
DA:228,2
DA:229,2
DA:230,2
DA:231,2
DA:232,2
DA:234,3
DA:238,1
DA:239,3
DA:242,3
DA:243,1
DA:244,1
DA:245,1
DA:249,2
DA:250,1
DA:254,1
DA:258,1
DA:259,2
DA:262,1
DA:264,1
DA:265,1
DA:266,1
DA:270,3
DA:272,2
DA:274,2
DA:279,3
DA:280,1
DA:283,1
DA:285,2
DA:286,2
DA:287,2
DA:288,1
LF:65
LH:65
end_of_record
TN:
SF:lib/src/calendar/cupertino_calendar.dart
FNF:0
FNH:0
DA:17,5
DA:43,20
DA:44,3
DA:46,5
DA:48,20
DA:49,3
DA:52,20
DA:53,3
DA:56,5
DA:58,10
DA:62,15
DA:66,10
DA:169,4
DA:170,4
DA:177,4
DA:179,4
DA:180,4
DA:183,1
DA:185,1
DA:186,4
DA:187,1
DA:191,4
DA:192,8
DA:193,4
DA:194,4
DA:195,4
DA:198,1
DA:199,1
DA:200,2
DA:201,2
DA:203,1
DA:204,1
DA:205,1
DA:206,2
DA:208,1
DA:211,1
DA:213,3
DA:214,3
DA:216,2
DA:218,2
DA:220,1
DA:221,1
DA:224,1
DA:225,1
DA:226,1
DA:228,1
DA:233,2
DA:236,4
DA:240,3
DA:241,6
DA:242,3
DA:243,12
DA:247,3
DA:248,3
DA:249,9
DA:252,1
DA:253,1
DA:256,4
DA:258,8
DA:259,4
DA:260,3
DA:262,8
DA:263,4
DA:265,4
DA:269,12
DA:271,4
DA:272,4
DA:278,4
DA:279,4
DA:280,11
DA:281,8
DA:282,8
DA:283,8
DA:284,4
DA:285,8
DA:286,4
DA:287,4
DA:288,4
DA:289,4
DA:290,8
DA:291,8
DA:292,4
DA:293,8
DA:294,4
DA:296,8
DA:298,8
DA:299,4
DA:301,8
DA:303,8
DA:304,4
DA:305,8
DA:306,8
DA:307,8
DA:308,8
DA:309,9
DA:310,8
LF:96
LH:96
end_of_record
TN:
SF:lib/src/calendar/footer/calendar_footer.dart
FNF:0
FNH:0
DA:10,5
DA:31,5
DA:32,5
DA:39,5
DA:41,5
DA:42,15
DA:45,4
DA:47,4
DA:49,16
DA:50,6
DA:54,3
DA:55,6
DA:56,6
DA:57,12
DA:61,2
DA:63,4
DA:65,10
DA:66,4
DA:68,4
DA:70,8
DA:75,5
DA:77,5
DA:79,10
DA:81,9
DA:83,5
DA:84,5
DA:87,5
DA:88,5
DA:89,11
DA:91,1
DA:92,1
DA:93,2
DA:95,3
DA:99,5
DA:100,5
DA:101,5
DA:102,5
DA:104,5
DA:106,5
DA:108,5
DA:109,5
DA:113,5
DA:115,20
DA:116,5
DA:117,6
DA:118,20
DA:120,5
DA:122,2
DA:123,5
DA:125,10
DA:131,2
DA:133,2
DA:134,2
DA:135,2
DA:137,6
DA:138,4
DA:140,2
DA:142,2
DA:145,2
DA:146,2
DA:147,2
DA:149,8
DA:160,5
LF:63
LH:63
end_of_record
TN:
SF:lib/src/calendar/footer/calendar_footer_decoration.dart
FNF:0
FNH:0
DA:27,7
DA:32,7
DA:39,7
DA:49,6
DA:61,6
DA:62,6
DA:63,6
DA:64,6
DA:68,6
DA:69,6
DA:70,6
DA:74,6
DA:75,6
DA:76,6
DA:93,1
DA:98,1
DA:99,1
DA:100,1
DA:101,1
LF:19
LH:19
end_of_record
TN:
SF:lib/src/calendar/header/calendar_header.dart
FNF:0
FNH:0
DA:12,6
DA:27,6
DA:28,6
DA:34,18
DA:35,18
DA:36,18
DA:38,3
DA:39,6
DA:40,6
DA:41,12
DA:45,6
DA:47,12
DA:48,18
DA:52,6
DA:53,6
DA:55,6
DA:57,6
DA:58,6
DA:59,6
DA:60,6
DA:62,6
DA:63,9
DA:64,6
DA:66,12
DA:67,6
DA:69,12
DA:70,6
DA:73,6
DA:74,6
DA:75,6
DA:76,6
DA:77,6
DA:79,12
DA:80,6
DA:88,6
DA:90,6
DA:92,6
DA:93,6
DA:95,12
DA:96,6
DA:99,6
DA:101,6
DA:102,4
DA:103,12
DA:104,6
DA:108,12
DA:109,6
DA:111,12
DA:112,6
DA:115,6
DA:117,6
DA:118,4
DA:119,12
DA:120,6
DA:126,6
DA:130,6
DA:136,6
DA:137,6
LF:58
LH:58
end_of_record
TN:
SF:lib/src/calendar/header/calendar_header_decoration.dart
FNF:0
FNH:0
DA:26,7
DA:35,7
DA:47,7
DA:62,6
DA:73,6
DA:75,6
DA:76,6
DA:77,6
DA:81,6
DA:85,6
DA:89,6
DA:93,6
DA:97,6
DA:124,1
DA:132,1
DA:133,1
DA:134,1
DA:135,1
DA:136,1
DA:138,1
DA:140,1
LF:21
LH:21
end_of_record
TN:
SF:lib/src/calendar/month_picker/calendar_month_picker.dart
FNF:0
FNH:0
DA:14,6
DA:28,6
DA:29,6
DA:30,6
DA:31,6
DA:32,6
DA:75,6
DA:76,6
DA:80,6
DA:81,6
DA:82,12
DA:85,6
DA:86,6
DA:87,6
DA:88,6
DA:89,6
DA:92,6
DA:96,6
DA:97,6
DA:98,6
DA:101,12
DA:102,4
DA:107,6
DA:112,6
DA:113,12
DA:116,6
DA:117,6
DA:118,6
DA:119,6
DA:121,6
DA:122,6
DA:123,6
DA:124,6
DA:129,6
DA:130,18
DA:131,6
DA:132,12
DA:135,18
DA:136,18
DA:137,20
DA:139,12
DA:142,2
DA:143,1
DA:145,3
DA:146,1
DA:148,2
DA:152,3
DA:153,1
DA:155,2
DA:159,5
DA:160,1
DA:162,2
DA:165,6
DA:166,1
DA:169,6
DA:171,12
DA:180,6
DA:190,6
DA:200,2
DA:208,6
DA:209,6
DA:216,6
DA:219,6
DA:220,12
DA:221,12
DA:222,6
DA:225,6
DA:226,6
DA:227,12
DA:228,6
DA:229,6
DA:230,6
DA:231,6
DA:232,6
DA:235,6
DA:240,6
DA:245,6
DA:246,6
DA:247,6
DA:253,12
LF:80
LH:80
end_of_record
TN:
SF:lib/src/calendar/month_picker/calendar_month_picker_decoration.dart
FNF:0
FNH:0
DA:12,7
DA:19,7
DA:28,7
DA:42,7
DA:51,7
DA:53,7
DA:55,7
DA:60,7
DA:64,7
DA:69,7
DA:97,1
DA:104,1
DA:107,1
DA:110,1
LF:14
LH:14
end_of_record
TN:
SF:lib/src/calendar/month_picker/day/calendar_month_picker_day.dart
FNF:0
FNH:0
DA:11,7
DA:24,7
DA:26,7
DA:28,7
DA:30,31
DA:31,7
DA:32,7
DA:33,21
DA:34,7
DA:35,14
DA:37,7
DA:38,7
DA:40,7
DA:48,7
DA:62,7
DA:64,7
DA:65,14
DA:67,28
DA:68,14
DA:70,7
DA:71,21
DA:73,14
DA:74,14
DA:75,14
DA:77,7
DA:78,7
DA:80,7
DA:81,7
DA:85,7
DA:86,7
DA:88,7
DA:93,5
DA:97,15
DA:98,15
DA:99,15
DA:100,15
DA:101,15
DA:104,7
DA:105,7
DA:108,7
DA:109,14
DA:110,7
DA:112,14
LF:43
LH:43
end_of_record
TN:
SF:lib/src/calendar/month_picker/day/calendar_month_picker_day_style.dart
FNF:0
FNH:0
DA:30,24
DA:32,8
DA:33,8
DA:34,8
DA:47,9
DA:58,9
DA:71,9
DA:74,9
DA:79,9
DA:87,8
DA:92,8
DA:93,8
DA:94,8
DA:95,8
DA:103,1
DA:106,1
DA:107,1
DA:116,9
DA:119,9
DA:124,9
DA:132,8
DA:137,8
DA:138,8
DA:139,16
DA:145,1
DA:148,1
DA:149,1
DA:161,9
DA:166,9
DA:168,3
DA:169,3
DA:173,9
DA:184,8
DA:190,8
DA:193,8
DA:194,8
DA:196,8
DA:197,7
DA:204,1
DA:207,1
DA:208,1
DA:220,8
DA:225,8
DA:226,2
DA:231,8
DA:242,8
DA:249,8
DA:250,8
DA:252,8
DA:253,16
DA:255,8
DA:263,1
DA:266,1
DA:267,1
DA:276,8
DA:279,8
DA:284,8
DA:294,8
DA:300,8
DA:301,8
DA:302,8
DA:303,8
DA:311,1
DA:314,1
DA:315,1
LF:65
LH:65
end_of_record
TN:
SF:lib/src/calendar/month_picker/delegates/calendar_month_picker_grid_delegate.dart
FNF:0
FNH:0
DA:8,7
DA:12,7
DA:15,14
DA:16,7
DA:18,7
DA:24,14
DA:28,5
LF:7
LH:7
end_of_record
TN:
SF:lib/src/calendar/overlay/cupertino_calendar_overlay.dart
FNF:0
FNH:0
DA:9,3
DA:64,3
DA:66,3
DA:73,3
DA:74,3
DA:75,6
DA:76,9
DA:79,3
DA:80,3
DA:81,12
DA:85,1
DA:86,1
DA:88,3
DA:90,2
DA:95,2
DA:96,2
DA:97,6
DA:100,2
DA:101,2
DA:102,5
DA:104,6
DA:105,1
DA:109,3
DA:111,6
DA:112,3
DA:113,2
DA:116,15
DA:118,3
DA:121,3
DA:122,3
DA:123,6
DA:124,6
DA:127,6
DA:128,6
DA:129,6
DA:130,9
DA:131,3
DA:132,6
DA:133,6
DA:134,6
DA:135,6
DA:136,6
DA:137,6
DA:138,6
DA:139,6
DA:140,6
DA:141,3
DA:142,3
DA:143,6
DA:144,6
DA:145,6
DA:146,6
DA:148,6
DA:149,6
DA:150,6
DA:151,6
DA:156,3
DA:158,9
DA:159,3
LF:59
LH:59
end_of_record
TN:
SF:lib/src/calendar/picker/cupertino_calendar_picker.dart
FNF:0
FNH:0
DA:10,5
DA:59,5
DA:60,5
DA:71,10
DA:73,2
DA:74,4
DA:75,2
DA:78,1
DA:80,2
DA:81,1
DA:85,5
DA:87,5
DA:88,15
DA:89,5
DA:90,10
DA:91,5
DA:93,10
DA:94,5
DA:95,5
DA:96,15
DA:97,10
DA:100,4
DA:102,4
DA:103,8
DA:104,4
DA:105,8
DA:107,4
DA:108,8
DA:112,16
DA:113,9
DA:118,5
DA:119,10
DA:120,10
DA:121,15
DA:126,5
DA:127,10
DA:128,10
DA:129,15
DA:133,2
DA:134,4
DA:135,4
DA:137,2
DA:139,4
DA:141,8
DA:142,8
DA:147,2
DA:148,2
DA:149,4
DA:156,2
DA:157,2
DA:158,4
DA:165,2
DA:167,6
DA:169,4
DA:171,2
DA:179,2
DA:180,4
DA:181,2
DA:183,1
DA:187,2
DA:188,4
DA:189,2
DA:191,1
DA:195,2
DA:196,6
DA:197,2
DA:198,2
DA:200,6
DA:203,4
DA:204,12
DA:205,4
DA:206,4
DA:207,4
DA:209,16
DA:212,2
DA:213,6
DA:214,2
DA:215,2
DA:217,8
DA:220,1
DA:222,2
DA:223,1
DA:224,2
DA:226,3
DA:228,1
DA:231,1
DA:233,2
DA:234,4
DA:238,1
DA:240,1
DA:241,3
DA:242,3
DA:244,1
DA:245,2
DA:246,3
DA:251,5
DA:253,10
DA:254,5
DA:256,5
DA:257,5
DA:258,5
DA:260,5
DA:261,5
DA:262,5
DA:264,10
DA:266,10
DA:267,5
DA:268,10
DA:270,10
DA:274,5
DA:275,5
DA:277,10
DA:278,10
DA:281,5
DA:282,5
DA:284,5
DA:285,10
DA:286,10
DA:288,5
DA:289,5
DA:290,5
DA:291,10
DA:292,5
DA:293,10
DA:294,10
DA:295,10
DA:296,10
DA:297,5
DA:298,10
DA:299,10
DA:300,10
DA:304,5
DA:311,5
DA:312,5
DA:313,2
DA:314,2
DA:315,6
DA:316,6
DA:318,2
DA:319,6
DA:320,6
DA:323,2
DA:324,2
DA:326,5
DA:327,2
DA:328,2
DA:329,2
DA:331,6
DA:333,6
DA:334,4
DA:335,4
DA:336,4
DA:343,15
DA:344,4
DA:345,4
DA:346,8
DA:347,8
DA:348,8
DA:349,8
DA:350,8
DA:351,4
DA:352,4
DA:353,8
DA:355,8
DA:359,15
DA:360,5
DA:362,5
DA:364,5
DA:372,5
DA:374,10
DA:375,5
LF:171
LH:171
end_of_record
TN:
SF:lib/src/calendar/weekdays/calendar_weekday.dart
FNF:0
FNH:0
DA:9,7
DA:18,7
DA:20,7
DA:22,7
DA:23,7
DA:25,14
LF:6
LH:6
end_of_record
TN:
SF:lib/src/calendar/weekdays/calendar_weekday_decoration.dart
FNF:0
FNH:0
DA:19,8
DA:22,8
DA:27,8
DA:35,6
DA:40,6
DA:41,6
DA:42,12
DA:51,1
DA:54,1
DA:55,1
LF:10
LH:10
end_of_record
TN:
SF:lib/src/calendar/weekdays/calendar_weekdays.dart
FNF:0
FNH:0
DA:10,6
DA:19,6
DA:20,6
DA:21,6
DA:22,6
DA:23,6
DA:26,12
DA:28,6
DA:31,6
DA:34,12
DA:35,12
DA:36,6
DA:37,18
DA:39,2
DA:41,6
DA:42,6
DA:43,6
DA:44,6
DA:50,6
DA:52,6
DA:57,6
DA:58,6
LF:22
LH:22
end_of_record
TN:
SF:lib/src/enums/calendar_dismiss_behavior.dart
FNF:0
FNH:0
DA:22,4
DA:23,4
DA:24,4
DA:29,3
DA:30,3
DA:31,3
LF:6
LH:6
end_of_record
TN:
SF:lib/src/extensions/build_context_extension.dart
FNF:0
FNH:0
DA:9,6
DA:10,6
DA:13,4
DA:14,4
DA:15,4
DA:18,4
DA:19,4
DA:20,4
DA:23,8
DA:24,8
DA:27,8
DA:28,16
DA:30,16
DA:32,16
DA:37,14
DA:38,14
DA:41,11
DA:42,22
LF:18
LH:18
end_of_record
TN:
SF:lib/src/extensions/date_time_extension.dart
FNF:0
FNH:0
DA:6,7
DA:7,35
DA:10,8
DA:11,38
LF:4
LH:4
end_of_record
TN:
SF:lib/src/extensions/day_period_extension.dart
FNF:0
FNH:0
DA:9,3
DA:11,9
DA:12,9
LF:3
LH:3
end_of_record
TN:
SF:lib/src/extensions/double_extension.dart
FNF:0
FNH:0
DA:9,9
DA:10,18
LF:2
LH:2
end_of_record
TN:
SF:lib/src/extensions/time_of_day_extension.dart
FNF:0
FNH:0
DA:10,8
DA:11,24
DA:14,5
DA:15,20
DA:18,1
DA:19,3
DA:21,3
DA:22,3
DA:28,1
DA:29,3
DA:31,3
DA:32,3
DA:38,3
DA:39,9
DA:42,8
DA:46,1
DA:48,24
LF:17
LH:17
end_of_record
TN:
SF:lib/src/functions.dart
FNF:0
FNH:0
DA:139,2
DA:170,2
DA:177,2
DA:185,2
DA:190,2
DA:213,2
DA:294,2
DA:310,2
DA:317,2
DA:325,2
DA:330,2
DA:341,1
LF:12
LH:12
end_of_record
TN:
SF:lib/src/picker/button/cupertino_picker_button.dart
FNF:0
FNH:0
DA:9,3
DA:26,3
DA:28,3
DA:41,6
DA:42,3
DA:43,3
DA:44,6
DA:45,3
DA:49,3
DA:51,3
DA:52,6
DA:57,6
DA:58,6
DA:59,6
DA:60,3
DA:63,3
DA:64,6
DA:67,3
DA:68,9
DA:70,3
DA:71,3
DA:73,9
DA:74,7
DA:76,3
DA:79,3
DA:80,3
DA:81,3
DA:82,3
DA:86,3
DA:87,3
DA:88,3
DA:89,3
DA:93,1
DA:94,1
DA:95,1
DA:96,1
DA:100,3
DA:101,3
DA:102,3
DA:103,6
DA:108,6
DA:114,6
DA:115,9
DA:116,0
DA:121,3
DA:124,9
DA:126,3
DA:127,6
DA:129,3
DA:130,3
DA:131,3
DA:132,3
DA:133,3
DA:134,3
DA:135,3
DA:138,3
DA:140,3
DA:141,3
DA:142,3
DA:144,6
DA:145,3
DA:146,6
DA:147,8
DA:149,9
DA:156,3
DA:158,6
DA:159,3
LF:67
LH:66
end_of_record
TN:
SF:lib/src/picker/button/picker_button_decoration.dart
FNF:0
FNH:0
DA:20,4
DA:24,4
DA:30,4
DA:39,4
DA:45,4
DA:46,4
DA:47,4
DA:48,4
DA:52,4
DA:66,1
DA:70,1
DA:71,1
DA:72,1
LF:13
LH:13
end_of_record
TN:
SF:lib/src/picker/container/picker_container_decoration.dart
FNF:0
FNH:0
DA:15,24
DA:16,16
DA:17,8
DA:19,8
DA:28,8
DA:34,3
DA:36,8
DA:37,16
DA:38,2
DA:42,8
DA:43,3
DA:50,8
DA:61,7
DA:68,7
DA:70,7
DA:71,7
DA:72,7
DA:73,14
DA:79,7
DA:80,7
DA:83,7
DA:100,1
DA:105,1
DA:106,1
DA:107,1
DA:108,1
LF:26
LH:26
end_of_record
TN:
SF:lib/src/picker/cupertino_picker_animated_cross_fade.dart
FNF:0
FNH:0
DA:9,5
DA:20,6
DA:22,6
DA:24,6
DA:25,6
DA:26,6
DA:27,6
DA:33,6
DA:34,6
DA:35,6
DA:39,6
LF:11
LH:11
end_of_record
TN:
SF:lib/src/picker/cupertino_picker_container.dart
FNF:0
FNH:0
DA:11,7
DA:30,7
DA:32,7
DA:41,7
DA:43,7
DA:44,14
DA:50,14
DA:51,14
DA:52,14
DA:53,14
DA:54,14
DA:55,14
DA:57,28
DA:60,7
DA:61,7
DA:62,7
DA:67,1
DA:69,1
DA:71,4
DA:72,2
DA:73,2
DA:74,2
DA:78,7
DA:80,14
DA:82,7
DA:83,7
DA:84,7
DA:85,7
DA:86,7
DA:87,14
DA:88,14
DA:89,7
DA:90,7
DA:91,7
DA:94,7
DA:95,14
DA:96,14
DA:97,14
DA:101,7
DA:102,14
DA:103,7
DA:104,7
DA:105,7
DA:107,7
DA:108,7
DA:109,7
DA:110,7
DA:114,7
DA:115,7
DA:121,4
DA:122,2
DA:123,2
DA:124,2
DA:125,2
DA:134,7
DA:135,7
DA:136,14
DA:137,14
DA:138,7
DA:139,21
DA:140,7
DA:141,14
DA:142,7
DA:143,14
DA:154,7
DA:156,14
DA:157,7
LF:67
LH:67
end_of_record
TN:
SF:lib/src/picker/cupertino_picker_media_query.dart
FNF:0
FNH:0
DA:9,6
DA:13,6
DA:15,6
DA:16,12
DA:17,12
DA:21,6
LF:6
LH:6
end_of_record
TN:
SF:lib/src/picker/cupertino_picker_overlay.dart
FNF:0
FNH:0
DA:9,6
DA:34,6
DA:35,6
DA:42,6
DA:43,6
DA:44,12
DA:45,18
DA:48,4
DA:49,4
DA:52,5
DA:53,5
DA:55,15
DA:57,10
DA:62,6
DA:64,12
DA:65,12
DA:67,12
DA:68,12
DA:69,12
DA:70,12
DA:72,6
DA:73,6
DA:74,6
DA:75,6
DA:77,6
DA:79,8
DA:82,6
DA:83,6
DA:84,6
DA:85,6
DA:86,6
DA:87,12
DA:88,6
DA:89,12
DA:92,30
DA:94,18
DA:96,24
DA:97,6
DA:98,6
DA:99,12
DA:100,6
DA:101,6
DA:103,6
DA:105,9
DA:107,8
DA:109,6
DA:110,6
DA:111,6
DA:120,6
DA:122,8
DA:126,3
DA:128,2
DA:136,12
DA:145,1
DA:146,1
DA:148,3
DA:149,6
DA:154,6
DA:156,4
DA:162,24
DA:164,6
DA:165,2
DA:168,6
DA:169,2
DA:170,2
DA:174,2
DA:175,2
DA:176,4
DA:177,4
DA:185,6
DA:187,8
DA:188,6
DA:190,6
DA:191,6
DA:192,6
DA:193,18
DA:198,6
DA:203,6
DA:205,6
DA:208,6
DA:209,12
DA:210,6
DA:213,12
LF:83
LH:83
end_of_record
TN:
SF:lib/src/picker/dividers/cupertino_picker_divider.dart
FNF:0
FNH:0
DA:9,3
DA:16,7
DA:18,7
DA:19,7
DA:20,7
DA:21,7
LF:6
LH:6
end_of_record
TN:
SF:lib/src/picker/dividers/cupertino_picker_vertical_divider.dart
FNF:0
FNH:0
DA:9,3
DA:11,5
DA:13,5
DA:16,5
LF:4
LH:4
end_of_record
TN:
SF:lib/src/time/button/cupertino_time_picker_button.dart
FNF:0
FNH:0
DA:12,1
DA:99,1
DA:101,1
DA:107,1
DA:109,1
DA:110,3
DA:113,1
DA:115,1
DA:117,4
DA:118,3
DA:122,1
DA:123,2
DA:124,1
DA:125,3
DA:129,1
DA:130,1
DA:131,1
DA:133,1
DA:134,2
DA:135,2
DA:136,2
DA:137,2
DA:138,2
DA:139,2
DA:140,2
DA:141,1
DA:142,2
DA:143,2
DA:144,2
DA:146,3
DA:150,1
DA:152,1
DA:153,2
DA:155,2
DA:157,2
DA:158,2
DA:159,2
DA:160,1
LF:38
LH:38
end_of_record
TN:
SF:lib/src/time/cupertino_time_picker.dart
FNF:0
FNH:0
DA:9,4
DA:26,4
DA:28,4
DA:29,4
DA:31,4
DA:33,4
DA:34,8
DA:35,8
DA:36,8
DA:37,4
DA:38,4
DA:39,4
LF:12
LH:12
end_of_record
TN:
SF:lib/src/time/cupertino_time_picker_wheel.dart
FNF:0
FNH:0
DA:9,7
DA:28,7
DA:30,7
DA:31,7
DA:33,7
DA:34,7
DA:35,7
DA:36,7
DA:37,8
DA:38,7
LF:10
LH:10
end_of_record
TN:
SF:lib/src/time/overlay/cupertino_time_overlay.dart
FNF:0
FNH:0
DA:9,3
DA:22,1
DA:26,12
DA:27,3
DA:30,12
DA:31,3
DA:34,12
DA:35,3
DA:51,3
DA:52,3
DA:59,3
DA:60,3
DA:61,6
DA:62,9
DA:65,3
DA:66,3
DA:67,8
DA:71,2
DA:72,4
DA:73,8
DA:76,3
DA:78,3
DA:79,3
DA:80,6
DA:81,6
DA:84,6
DA:85,6
DA:86,6
DA:88,3
DA:89,6
DA:90,6
DA:91,6
DA:92,3
DA:93,6
DA:94,6
DA:99,3
DA:101,9
DA:102,3
LF:38
LH:38
end_of_record
TN:
SF:lib/src/utils/package_date_utils.dart
FNF:0
FNH:0
DA:6,5
DA:7,15
DA:10,8
DA:16,24
DA:20,16
DA:24,16
LF:6
LH:6
end_of_record
TN:
SF:lib/src/utils/scroll_utils.dart
FNF:0
FNH:0
DA:12,3
DA:14,8
DA:15,8
DA:23,8
DA:32,8
DA:34,8
DA:36,8
DA:38,1
DA:39,1
DA:40,1
DA:42,1
DA:43,3
DA:57,3
DA:61,3
DA:62,2
DA:63,5
DA:64,3
DA:67,3
DA:68,2
DA:69,5
DA:75,3
DA:77,1
DA:82,8
LF:23
LH:23
end_of_record
